2025-11-22 13:50:49,592 [ 1] INFO  Unity: LoadingManager start
2025-11-22 13:50:51,674 [ 1] WARN  Unity: BestFit is only supported for dynamic fonts. Font 'Numbers' is not dynamic.
UnityEngine.Canvas:SendWillRenderCanvases()

2025-11-22 13:50:52,675 [ 1] INFO  Unity: DataManager > DataManager()
2025-11-22 13:51:17,925 [ 1] INFO  Unity: UserLoginRequest::user :user01 psw:123
2025-11-22 13:51:17,926 [ 1] INFO  Unity: ConnectToServer() Start 
2025-11-22 13:51:17,929 [ 1] INFO  Unity: DoConnect
2025-11-22 13:51:17,930 [ 1] INFO  Unity: NetClient.DoConnect on 127.0.0.1:8000
2025-11-22 13:51:17,932 [ 1] INFO  Unity: Connect[0] to server 127.0.0.1:8000

2025-11-22 13:51:17,935 [ 1] INFO  Unity: LoadingMesager::OnGameServerConnect :0 reason:Success
2025-11-22 13:51:18,013 [ 1] INFO  Unity: OnLogin:Success [None]
2025-11-22 13:51:18,014 [ 1] INFO  Unity: LoadLevel: CharSelect
2025-11-22 13:51:18,125 [ 1] INFO  Unity: LevelLoadCompleted:1
2025-11-22 13:51:18,693 [ 1] INFO  Unity: Select Char:[1]Kuzumi01[Warrior]
2025-11-22 13:51:19,471 [ 1] INFO  Unity: UserGameEnterRequest::characterId :0
2025-11-22 13:51:19,508 [ 1] INFO  Unity: OnGameEnter:Success [None]
2025-11-22 13:51:19,509 [ 1] INFO  Unity: ItemManager:Id:1,Count:100
2025-11-22 13:51:19,510 [ 1] INFO  Unity: ItemManager:Id:2,Count:5
2025-11-22 13:51:19,510 [ 1] INFO  Unity: ItemManager:Id:3,Count:10
2025-11-22 13:51:19,511 [ 1] INFO  Unity: ItemManager:Id:4,Count:15
2025-11-22 13:51:19,513 [ 1] INFO  Unity: OnMapCharacterEnter:Map:1 Count:1
2025-11-22 13:51:19,514 [ 1] INFO  Unity: AddCharacter:4:Kuzumi01 Map:1 Entity:(4:pos:(5000,4000,820),dir:(100,0,0),spd:0
2025-11-22 13:51:19,516 [ 1] INFO  Unity: LoadLevel: MainCity
2025-11-22 13:51:19,517 [ 1] INFO  Unity: onCharacterEnter:1
2025-11-22 13:51:19,518 [ 1] INFO  Unity: LoadLevel: MainCity
2025-11-22 13:51:20,036 [ 1] WARN  Unity: GameObjectManager[-93216] Awake
UnityEngine.Debug:LogWarningFormat(String, Object[])
MonoSingleton`1:Awake() (at Assets/Scripts/Utilities/MonoSingleton.cs:22)

2025-11-22 13:51:20,045 [ 1] WARN  Unity: MainPlayerCamera[-91624] Awake
UnityEngine.Debug:LogWarningFormat(String, Object[])
MonoSingleton`1:Awake() (at Assets/Scripts/Utilities/MonoSingleton.cs:22)

2025-11-22 13:51:20,045 [ 1] WARN  Unity: UIWorldElementManager[-90042] Awake
UnityEngine.Debug:LogWarningFormat(String, Object[])
MonoSingleton`1:Awake() (at Assets/Scripts/Utilities/MonoSingleton.cs:22)

2025-11-22 13:51:20,046 [ 1] WARN  Unity: UIMain[50410] Awake
UnityEngine.Debug:LogWarningFormat(String, Object[])
MonoSingleton`1:Awake() (at Assets/Scripts/Utilities/MonoSingleton.cs:22)

2025-11-22 13:51:20,068 [ 1] INFO  Unity: LevelLoadCompleted:1
2025-11-22 13:51:20,389 [ 1] WARN  Unity: GameObjectManager[-98834] Awake
UnityEngine.Debug:LogWarningFormat(String, Object[])
MonoSingleton`1:Awake() (at Assets/Scripts/Utilities/MonoSingleton.cs:22)

2025-11-22 13:51:20,389 [ 1] WARN  Unity: MainPlayerCamera[-97242] Awake
UnityEngine.Debug:LogWarningFormat(String, Object[])
MonoSingleton`1:Awake() (at Assets/Scripts/Utilities/MonoSingleton.cs:22)

2025-11-22 13:51:20,389 [ 1] WARN  Unity: UIWorldElementManager[-95660] Awake
UnityEngine.Debug:LogWarningFormat(String, Object[])
MonoSingleton`1:Awake() (at Assets/Scripts/Utilities/MonoSingleton.cs:22)

2025-11-22 13:51:20,389 [ 1] WARN  Unity: UIMain[53906] Awake
UnityEngine.Debug:LogWarningFormat(String, Object[])
MonoSingleton`1:Awake() (at Assets/Scripts/Utilities/MonoSingleton.cs:22)

2025-11-22 13:51:20,409 [ 1] INFO  Unity: LevelLoadCompleted:1
2025-11-22 13:51:22,308 [ 1] INFO  Unity: SetDirection:(98, -18, 0)
2025-11-22 13:51:22,309 [ 1] INFO  Unity: MapEntityUpdateRequest :ID:4 POS:(5000,4000,820) DIR:(98,-18,0) SPD:0 
2025-11-22 13:51:22,374 [ 1] INFO  Unity: MoveForward
2025-11-22 13:51:22,375 [ 1] INFO  Unity: MapEntityUpdateRequest :ID:4 POS:(5000,4000,820) DIR:(98,-18,0) SPD:300 
2025-11-22 13:51:22,424 [ 1] INFO  Unity: SetDirection:(93, -36, 0)
2025-11-22 13:51:22,425 [ 1] INFO  Unity: MapEntityUpdateRequest :ID:4 POS:(5015,3997,820) DIR:(93,-36,0) SPD:300 
2025-11-22 13:51:22,523 [ 1] INFO  Unity: SetDirection:(84, -54, 0)
2025-11-22 13:51:22,524 [ 1] INFO  Unity: MapEntityUpdateRequest :ID:4 POS:(5045,3985,820) DIR:(84,-54,0) SPD:300 
2025-11-22 13:51:22,640 [ 1] INFO  Unity: SetDirection:(73, -69, 0)
2025-11-22 13:51:22,640 [ 1] INFO  Unity: MapEntityUpdateRequest :ID:4 POS:(5073,3964,820) DIR:(73,-69,0) SPD:300 
2025-11-22 13:51:22,938 [ 1] INFO  Unity: Stop
2025-11-22 13:51:22,938 [ 1] INFO  Unity: MapEntityUpdateRequest :ID:4 POS:(5145,3910,820) DIR:(73,-69,0) SPD:0 
2025-11-22 13:51:43,177 [ 1] INFO  Unity: OnDestroy NetworkManager.
2025-11-22 13:51:43,177 [ 1] WARN  Unity: CloseConnection(), errorCode: 1007
UnityEngine.Debug:LogWarning(Object)
Network.NetClient:CloseConnection(Int32) (at Assets/Scripts/Network/NetClient.cs:176)
Network.NetClient:OnDestroy() (at Assets/Scripts/Network/NetClient.cs:171)

2025-11-22 13:51:43,180 [ 1] INFO  Unity: Character_4_Kuzumi01 OnDestroy :ID:4 POS:(5145, 3910, 820) DIR:(73, -69, 0) SPD:0 
